zambialii robots.txt sha256=fce67b697ee4ef44e0694134e23108c2701b5e7661eed885013efb9b75dcd8f0 (reused)
existing SI keys on disk: 0
existing Act keys on disk: 0
  reused _work/batch_0293_zambialii_recent.html sha256=452f6ec2c4d177e3 len=94772
  /legislation/recent: 13 act links; 0 in corpus; 13 novel
    NOVEL: 2025/9 Supplementary Appropriation (2025) Act, 2025
    NOVEL: 2025/8 Border Management and Trade Facilitation Act, 2025
    NOVEL: 2025/7 Animal Health (Amendment ) Act, 2025
    NOVEL: 2025/6 Building Societies (Amendment) Act, 2025
    NOVEL: 2025/5 National Road Fund (Amendment) Act, 2025
    NOVEL: 2025/29 Zambia Institute of Procurement and Supply Act, 2025
    NOVEL: 2025/28 Appropriation Act, 2025
    NOVEL: 2025/27 Betting Levy Act, 2025
    NOVEL: 2025/26 Zambia National Broadcasting Corporation Act, 2025
    NOVEL: 2025/25 Independent Broadcasting Authority Act, 2025
    NOVEL: 2025/24 Registration of Business Names (Amendment) Act, 2025
    NOVEL: 2025/23 Companies (Amendment) Act, 2025
    NOVEL: 2025/22 Mobile Money Transaction Levy (Amendment) Act, 2025
  reused _work/batch_0293_alphabet_D.html sha256=6465ffa8319a3576 len=90732
  alphabet=D: total=11 modern=6 novel=6
    [   sis_data_protection] 2021/ 58 (2021-05-14) Data Protection (Registration and Licensing) Regulations, 2021
    [                   off] 2022/ 70 (2022-11-04) Defence Force (United Nations Peacekeeping Operations) (Emoluments) Regulations, 2022
    [                   off] 2021/ 15 (2021-03-11) Diplomatic Immunities and Privileges (International Centre for Tropical Agriculture) Order
    [                   off] 2020/  8 (2020-01-31) Diplomatic Immunities and Privileges (Turkish Cooperation and Coordination Agency) Order, 
    [                   off] 2019/  6 (2019-01-22) Disaster Management (Qualifications of National Coordinator) Regulations, 2019
    [                   off] 2019/ 31 (2019-05-10) Defence (Regular Forces) (Officers) (Amendment) Regulations, 2019
  reused _work/batch_0293_alphabet_G.html sha256=10c0575b786e23b4 len=73290
  alphabet=G: total=1 modern=1 novel=1
    [                   off] 2026/  5 (2026-01-09) Green Economy and Climate Change (Carbon Market) Regulations, 2026
  reused _work/batch_0293_alphabet_H.html sha256=996702687fe7da77 len=92298
  alphabet=H: total=15 modern=8 novel=8
    [                   off] 2022/  5 (2022-01-14) Economic and Financial Crimes (Division of Court) Order, 2022
    [                   off] 2022/ 39 (2022-06-03) Education (Public Higher Education Institution) (Declaration) Order, 2022
    [                   off] 2021/ 91 (2021-12-31) High Court (Civil Jurisdiction) (Family Court Fees) Regulations, 2021
    [                   off] 2020/ 96 (2020-11-27) Higher Education Loans and Scholarships (Transfer of Staff) Regulations, 2020
    [                   off] 2019/ 69 (2019-10-17) Palabana University (Declaration) Order, 2019
    [                   off] 2018/  2 (2018-01-26) Education (Military Training Establishment of Zambia Management) (Dissolution) Regulations
    [                   off] 2018/  3 (2018-01-26) Zambia Defence University (Declaration) Order, 2018
    [                   off] 2018/ 39 (2018-05-24) Levy Mwanawasa Medical University (Declaration) Order, 2018
  reused _work/batch_0293_alphabet_K.html sha256=da422ffc5639c8b6 len=56068
  alphabet=K: total=0 modern=0 novel=0
  reused _work/batch_0293_alphabet_O.html sha256=0782fdbe95a34ecc len=61597
  alphabet=O: total=0 modern=0 novel=0
  reused _work/batch_0293_alphabet_R.html sha256=2da8aada1820cb50 len=120275
  alphabet=R: total=30 modern=4 novel=4
    [                   off] 2021/112 (2021-12-31) Road Traffic (Fees) Regulations, 2021
    [                   off] 2020/  7 (2020-01-24) Road Traffic (Speed Limits) Regulations, 2019
    [                   off] 2020/ 50 (2020-05-15) Road Traffic (Driving Licence) Regulations, 2020
    [                   off] 2018/  7 (2018-02-02) Railways (Transportation of Heavy Goods) Regulations, 2018
  reused _work/batch_0293_alphabet_U.html sha256=aa77dd3a9614c804 len=76158
  alphabet=U: total=20 modern=19 novel=19
    [                   off] 2025/ 65 (2025-09-26) Urban and Regional Planning (Administration of Planning Appeals Tribunal) Regulations, 202
    [                   off] 2023/  9 (2023-03-17) Urban and Regional Planning (Designated Local Planning Authority) Regulations, 2023
    [                   off] 2023/ 21 (2023-07-21) Urban and Regional Planning (Development Plans Guidelines and Exempted Development Classes
    [                   off] 2023/ 45 (2023-10-20) Urban and Regional Planning (Designated Local Planning Authority) (No. 2) Regulations, 202
    [                   off] 2022/ 57 (2022-09-16) Urban and Regional Planning (Designated Local Planning Authorities) Regulations, 2022
    [                   off] 2022/ 60 (2022-09-30) Urban and Regional Planning (Designated Local Planning Authorities) Regulations, 2022
    [                   off] 2020/  5 (2020-01-17) Urban and Regional Planning (Designated Local Planning Authority) Regulations, 2020
    [                   off] 2020/  9 (2020-01-31) Urban and Regional Planning (Designated Local Planning Authorities) Regulations, 2020
    [                   off] 2020/ 55 (2020-05-29) Urban and Regional Planning (Designated Local Planning Authorities) Regulations, 2020
    [                   off] 2020/ 56 (2020-05-29) Urban and Regional Planning (General) Regulations, 2020
    [                   off] 2020/108 (2020-12-24) Urban and Regional Planning (Designated Local Planning Authorities) (No.3) Regulations, 20
    [                   off] 2019/ 42 (2019-08-02) Urban and Regional Planning (Designated Local Planning Authorities) Regulations, 2019
    [                   off] 2019/ 43 (2019-08-02) Urban and Regional Planning (Designated Local Planning Authorities) (No. 2) Regulations, 2
    [                   off] 2019/ 45 (2019-08-09) Urban and Regional Planning (Designated Local Planning Authorities) (No. 3) Regulations, 2
    [                   off] 2019/ 78 (2019-11-22) Urban and Regional Planning (Designated Local Planning Authorities) Regulations, 2019
    [                   off] 2018/ 43 (2018-06-01) Urban and Regional Planning (Designated Local Planning Authorities) Regulations, 2018
    [                   off] 2018/ 44 (2018-06-01) Urban and Regional Planning (Designated Local Planning Authorities) (No. 2) Regulations, 2
    [                   off] 2017/ 60 (2017-08-04) Urban and Regional Planning (Designated Local Planning Authorities) Regulations, 2017
    [                   off] 2017/ 64 (2017-08-25) Urban and Regional Planning (Designated Local Planning Authorities) (No. 2) Regulations, 2
parliament robots.txt sha256=278e83bcf567badfebcdea4d5d20ca9898e4449fe4eb2e3b5a08227b4ca9b762
GET https://www.parliament.gov.zm/acts-of-parliament
  saved _work/batch_0293_parliament_p0.html sha256=ba47dd4e3fffaac6 len=38208
  parliament page0: 0 act links; 0 in corpus; 0 novel

In-priority candidates (priority_order matches): 1
  [   sis_data_protection] 2021/ 58 Data Protection (Registration and Licensing) Regulations, 2021

Off-priority novel modern SIs (reserved): 37
  2026/  5 Green Economy and Climate Change (Carbon Market) Regulations, 2026
  2025/ 65 Urban and Regional Planning (Administration of Planning Appeals Tribunal) Regulations, 2025
  2023/  9 Urban and Regional Planning (Designated Local Planning Authority) Regulations, 2023
  2023/ 21 Urban and Regional Planning (Development Plans Guidelines and Exempted Development Classes) Regulati
  2023/ 45 Urban and Regional Planning (Designated Local Planning Authority) (No. 2) Regulations, 2023
  2022/  5 Economic and Financial Crimes (Division of Court) Order, 2022
  2022/ 39 Education (Public Higher Education Institution) (Declaration) Order, 2022
  2022/ 57 Urban and Regional Planning (Designated Local Planning Authorities) Regulations, 2022
  2022/ 60 Urban and Regional Planning (Designated Local Planning Authorities) Regulations, 2022
  2022/ 70 Defence Force (United Nations Peacekeeping Operations) (Emoluments) Regulations, 2022
  2021/ 15 Diplomatic Immunities and Privileges (International Centre for Tropical Agriculture) Order, 2021
  2021/ 91 High Court (Civil Jurisdiction) (Family Court Fees) Regulations, 2021
  2021/112 Road Traffic (Fees) Regulations, 2021
  2020/  5 Urban and Regional Planning (Designated Local Planning Authority) Regulations, 2020
  2020/  7 Road Traffic (Speed Limits) Regulations, 2019
  2020/  8 Diplomatic Immunities and Privileges (Turkish Cooperation and Coordination Agency) Order, 2020
  2020/  9 Urban and Regional Planning (Designated Local Planning Authorities) Regulations, 2020
  2020/ 50 Road Traffic (Driving Licence) Regulations, 2020
  2020/ 55 Urban and Regional Planning (Designated Local Planning Authorities) Regulations, 2020
  2020/ 56 Urban and Regional Planning (General) Regulations, 2020
  2020/ 96 Higher Education Loans and Scholarships (Transfer of Staff) Regulations, 2020
  2020/108 Urban and Regional Planning (Designated Local Planning Authorities) (No.3) Regulations, 2020
  2019/  6 Disaster Management (Qualifications of National Coordinator) Regulations, 2019
  2019/ 31 Defence (Regular Forces) (Officers) (Amendment) Regulations, 2019
  2019/ 42 Urban and Regional Planning (Designated Local Planning Authorities) Regulations, 2019
  2019/ 43 Urban and Regional Planning (Designated Local Planning Authorities) (No. 2) Regulations, 2019
  2019/ 45 Urban and Regional Planning (Designated Local Planning Authorities) (No. 3) Regulations, 2019
  2019/ 69 Palabana University (Declaration) Order, 2019
  2019/ 78 Urban and Regional Planning (Designated Local Planning Authorities) Regulations, 2019
  2018/  2 Education (Military Training Establishment of Zambia Management) (Dissolution) Regulations, 2018
saved _work/batch_0293_probe.json
