{"date": "2026-04-10", "url": "https://www.parliament.gov.zm/acts-of-parliament?page=1", "bytes": 38475, "fetch_n": 1}
{"date": "2026-04-10", "url": "https://www.parliament.gov.zm/acts-of-parliament?page=2", "bytes": 38445, "fetch_n": 2}
{"date": "2026-04-10", "url": "https://www.parliament.gov.zm/acts-of-parliament?page=3", "bytes": 38561, "fetch_n": 3}
{"date": "2026-04-10", "url": "https://www.parliament.gov.zm/acts-of-parliament?page=4", "bytes": 38569, "fetch_n": 4}
{"date": "2026-04-10", "url": "https://www.parliament.gov.zm/acts-of-parliament?page=5", "bytes": 38329, "fetch_n": 5}
{"date": "2026-04-10", "url": "https://www.parliament.gov.zm/acts-of-parliament?page=6", "bytes": 38558, "fetch_n": 6}
{"date": "2026-04-10", "url": "https://www.parliament.gov.zm/acts-of-parliament?page=7", "bytes": 38550, "fetch_n": 7}
{"date": "2026-04-10", "url": "https://www.parliament.gov.zm/node/4834", "bytes": 33293, "fetch_n": 8}
{"date": "2026-04-10", "url": "https://www.parliament.gov.zm/sites/default/files/documents/amendment_act/Constitution%20of%20Zambia%20%20%28Amendment%29%2C%202016-Act%20No.%202_0.pdf", "bytes": 228076, "fetch_n": 9}
{"date": "2026-04-10", "url": "https://www.parliament.gov.zm/node/12521", "bytes": 30512, "fetch_n": 10}
{"date": "2026-04-10", "url": "https://www.parliament.gov.zm/sites/default/files/documents/acts/Act%20No.%2011%20of%202025%2C%20The%20Customs%20and%20Excise%20Bill.pdf", "bytes": 19627, "fetch_n": 11}
{"date": "2026-04-10", "url": "https://www.parliament.gov.zm/node/12514", "bytes": 30514, "fetch_n": 12}
{"date": "2026-04-10", "url": "https://www.parliament.gov.zm/sites/default/files/documents/acts/Act%20No.%2010%20of%202025%20-%20The%20Income%20Tax%20%28Amendment%29-Act.pdf", "bytes": 13309, "fetch_n": 13}
{"date": "2026-04-10", "url": "https://www.parliament.gov.zm/node/12512", "bytes": 30839, "fetch_n": 14}
{"date": "2026-04-10", "url": "https://www.parliament.gov.zm/sites/default/files/documents/acts/Act%20No.%209%20of%202025%20-%20Supplementary%20Appropriation%20Act%5B1%5D.pdf", "bytes": 18038, "fetch_n": 15}
{"date": "2026-04-10", "url": "https://www.parliament.gov.zm/node/12517", "bytes": 31286, "fetch_n": 16}
{"date": "2026-04-10", "url": "https://www.parliament.gov.zm/sites/default/files/documents/acts/Act%20No.%208%20of%202025%20-%20The%20Border%20Management%20and%20Trade%20Facilitation%20Act%20.pdf", "bytes": 441027, "fetch_n": 17}
{"date": "2026-04-10", "url": "https://www.parliament.gov.zm/node/12518", "bytes": 30516, "fetch_n": 18}
{"date": "2026-04-10", "url": "https://www.parliament.gov.zm/sites/default/files/documents/acts/Act%20No.%207%20of%202025%20-%20Animal%20Health%20Amendment%20Act.pdf", "bytes": 12014, "fetch_n": 19}
{"date": "2026-04-10", "url": "https://www.parliament.gov.zm/node/12516", "bytes": 30516, "fetch_n": 20}
{"date": "2026-04-10", "url": "https://www.parliament.gov.zm/sites/default/files/documents/acts/Act%20No.%206%20The%20Building%20Societies%20Act%2C%202025.pdf", "bytes": 11577, "fetch_n": 21}
{"date": "2026-04-10", "url": "https://www.parliament.gov.zm/node/12515", "bytes": 30526, "fetch_n": 22}
{"date": "2026-04-10", "url": "https://www.parliament.gov.zm/sites/default/files/documents/acts/Act%20No.%205%20of%202025%2C%20The%20National%20Road%20Fund%5B1%5D.pdf", "bytes": 12113, "fetch_n": 23}
{"date": "2026-04-10", "url": "https://www.parliament.gov.zm/node/12320", "bytes": 30667, "fetch_n": 24}
{"date": "2026-04-10", "url": "https://www.parliament.gov.zm/sites/default/files/documents/acts/Acts%20No.%204%20of%202025%2C%20The%20Cyber%20Crimes.pdf", "bytes": 350455, "fetch_n": 25}
{"date": "2026-04-10", "url": "https://www.parliament.gov.zm/node/12319", "bytes": 31134, "fetch_n": 26}
{"date": "2026-04-10", "url": "https://www.parliament.gov.zm/sites/default/files/documents/acts/Act%20No.%203%20of%202025%2C%20The%20Cyber%20Security_0.pdf", "bytes": 477682, "fetch_n": 27}
{"date": "2026-04-10", "url": "https://www.parliament.gov.zm/node/12318", "bytes": 30734, "fetch_n": 28}
{"date": "2026-04-10", "url": "https://www.parliament.gov.zm/sites/default/files/documents/acts/Acts%20No.%202%20of%202025%2C%20The%20Geological%20Minerals%20Development.pdf", "bytes": 419927, "fetch_n": 29}
{"date": "2026-04-10", "url": "https://www.parliament.gov.zm/node/12316", "bytes": 30902, "fetch_n": 30}
{"date": "2026-04-10", "url": "https://www.parliament.gov.zm/sites/default/files/documents/acts/Acts%20No.%201%20of%202025%2C%20The%20Plant%20Health.pdf", "bytes": 227786, "fetch_n": 31}
{"date": "2026-04-10", "url": "https://www.parliament.gov.zm/node/12090", "bytes": 30797, "fetch_n": 32}
{"date": "2026-04-10", "url": "https://www.parliament.gov.zm/sites/default/files/documents/acts/Acts%20No.%2030%20for%202024%2C%20The%20Ant-Terrorism%20and%20Non-Proliferation%2C%20pdf.pdf", "bytes": 484097, "fetch_n": 33}
{"date": "2026-04-10", "url": "https://www.parliament.gov.zm/node/12084", "bytes": 30792, "fetch_n": 34}
{"date": "2026-04-10", "url": "https://www.parliament.gov.zm/sites/default/files/documents/acts/Act%20No.%2029%20of%202024%20The%20Appropriation%20Act.pdf", "bytes": 336314, "fetch_n": 35}
{"date": "2026-04-10", "url": "https://www.parliament.gov.zm/node/12077", "bytes": 30684, "fetch_n": 36}
{"date": "2026-04-10", "url": "https://www.parliament.gov.zm/sites/default/files/documents/acts/Act%20No.%2028%20of%202024%20The%20insurance%20premium%20levy.pdf", "bytes": 283984, "fetch_n": 37}
{"date": "2026-04-10", "url": "https://www.parliament.gov.zm/node/12078", "bytes": 30691, "fetch_n": 38}
{"date": "2026-04-10", "url": "https://www.parliament.gov.zm/sites/default/files/documents/acts/Act%20No.%2027%20-%20The%20Property%20Tax%20%28Amendment%29%20Act%2C%202024%20.pdf", "bytes": 13234, "fetch_n": 39}
{"date": "2026-04-10", "url": "https://www.parliament.gov.zm/node/12081", "bytes": 30684, "fetch_n": 40}
{"date": "2026-04-10", "url": "https://www.parliament.gov.zm/sites/default/files/documents/acts/Act%20No.%2026%20of%202024%20Zambia%20Revenue%20Authority%20Act.pdf", "bytes": 282729, "fetch_n": 41}
{"date": "2026-04-10", "url": "https://www.parliament.gov.zm/node/12093", "bytes": 30831, "fetch_n": 42}
{"date": "2026-04-10", "url": "https://www.parliament.gov.zm/sites/default/files/documents/acts/Act%20No.%2025%20of%202024%2C%20The%20Mobile%20Money%20Transaction%20Levy.pdf", "bytes": 382152, "fetch_n": 43}
{"date": "2026-04-10", "url": "https://www.parliament.gov.zm/node/12092", "bytes": 30684, "fetch_n": 44}
{"date": "2026-04-10", "url": "https://www.parliament.gov.zm/sites/default/files/documents/acts/The%20Customs%20and%20Excise%20%28Amendment%29%20Act%20No.%2024%20of%202024.pdf", "bytes": 361794, "fetch_n": 45}
{"date": "2026-04-10", "url": "https://www.parliament.gov.zm/node/12087", "bytes": 30617, "fetch_n": 46}
{"date": "2026-04-10", "url": "https://www.parliament.gov.zm/sites/default/files/documents/acts/Act%20No%2023%20of%202024%20Value%20Added%20Tax.pdf", "bytes": 12992, "fetch_n": 47}
{"date": "2026-04-10", "url": "https://www.parliament.gov.zm/node/12097", "bytes": 30620, "fetch_n": 48}
{"date": "2026-04-10", "url": "https://www.parliament.gov.zm/sites/default/files/documents/acts/Income%20Tax%20%28Amendment%29%20Act%20No.%2022%20of%202024.pdf", "bytes": 321518, "fetch_n": 49}
{"date": "2026-04-10", "url": "https://www.parliament.gov.zm/node/8269", "bytes": 31577, "fetch_n": 50}
{"date": "2026-04-10", "url": "https://www.parliament.gov.zm/node/8269", "bytes": 31577, "fetch_n": 51}
{"date": "2026-04-10", "url": "https://www.parliament.gov.zm/sites/default/files/documents/acts/Supplementary%20Appropriation%20%282019%29%20%28No.%202%29%20%20Act%20No.%2017%20of%202019%2C.pdf", "bytes": 17564, "fetch_n": 52}
{"date": "2026-04-10", "url": "https://www.parliament.gov.zm/node/8270", "bytes": 31230, "fetch_n": 53}
{"date": "2026-04-10", "url": "https://www.parliament.gov.zm/sites/default/files/documents/acts/The%20Customs%20and%20Excise%20%28Amendment%29%20Act%20No.%2016%20of%202019.pdf", "bytes": 27974, "fetch_n": 54}
{"date": "2026-04-10", "url": "https://www.parliament.gov.zm/node/8271", "bytes": 31799, "fetch_n": 55}
{"date": "2026-04-10", "url": "https://www.parliament.gov.zm/sites/default/files/documents/acts/The%20Income%20Tax%20%28Amendment%29%20%20Act%20No.%2015%20of%202019.pdf", "bytes": 32641, "fetch_n": 56}
{"date": "2026-04-10", "url": "https://www.parliament.gov.zm/node/8272", "bytes": 31827, "fetch_n": 57}
{"date": "2026-04-10", "url": "https://www.parliament.gov.zm/sites/default/files/documents/acts/THE%20VALUE%20ADDED%20TAX%20%28AMENDMENT%29%20ACT%20No.%2014%20of%202019.pdf", "bytes": 24486, "fetch_n": 58}
{"date": "2026-04-10", "url": "https://www.parliament.gov.zm/node/8273", "bytes": 31245, "fetch_n": 59}
{"date": "2026-04-10", "url": "https://www.parliament.gov.zm/sites/default/files/documents/acts/The%20Property%20Transer%20Tax%20%28Amentdment%29%20Act%20No.%2013%20of%202019.pdf", "bytes": 12587, "fetch_n": 60}
{"date": "2026-04-10", "url": "https://www.parliament.gov.zm/node/8268", "bytes": 31446, "fetch_n": 61}
{"date": "2026-04-10", "url": "https://www.parliament.gov.zm/sites/default/files/documents/acts/The%20Energy%20Regulation%20Act%20No.%2012%20of%202019.pdf", "bytes": 139782, "fetch_n": 62}
{"date": "2026-04-10", "url": "https://www.parliament.gov.zm/node/8267", "bytes": 31989, "fetch_n": 63}
{"date": "2026-04-10", "url": "https://www.parliament.gov.zm/sites/default/files/documents/acts/The%20Electricity%20Act%20No.%2011%20of%202019.pdf", "bytes": 144434, "fetch_n": 64}
{"date": "2026-04-10", "url": "https://www.parliament.gov.zm/node/8266", "bytes": 31768, "fetch_n": 65}
{"date": "2026-04-10", "url": "https://www.parliament.gov.zm/sites/default/files/documents/acts/The%20Nurses%20and%20Midwives%20%20Act%20No.%2010%20of%202019.%20pmd.pdf", "bytes": 182594, "fetch_n": 66}
{"date": "2026-04-10", "url": "https://www.parliament.gov.zm/node/8205", "bytes": 31582, "fetch_n": 67}
{"date": "2026-04-10", "url": "https://www.parliament.gov.zm/sites/default/files/documents/acts/The%20Zambia%20Medicines%20and%20Medical%20Supplies%20Agency.%20Act%20No.%209.pdf", "bytes": 68924, "fetch_n": 68}
{"date": "2026-04-10", "url": "https://www.parliament.gov.zm/node/8204", "bytes": 31507, "fetch_n": 69}
{"date": "2026-04-10", "url": "https://www.parliament.gov.zm/sites/default/files/documents/acts/Supplementary%20Appropriation%20Act%20No.%208%202019.pdf", "bytes": 16793, "fetch_n": 70}
{"date": "2026-04-10", "url": "https://www.parliament.gov.zm/node/8206", "bytes": 31693, "fetch_n": 71}
{"date": "2026-04-10", "url": "https://www.parliament.gov.zm/sites/default/files/documents/acts/The%20Food%20Safety%20%20Act%20No.%207%2C%202019.pdf", "bytes": 180310, "fetch_n": 72}
{"date": "2026-04-10", "url": "https://www.parliament.gov.zm/node/7944", "bytes": 31915, "fetch_n": 73}
{"date": "2026-04-10", "url": "https://www.parliament.gov.zm/sites/default/files/documents/acts/The%20Mental%20Health%20Act%20No.%206%20of%20%202019.pdf", "bytes": 112006, "fetch_n": 74}
{"date": "2026-04-10", "url": "https://www.parliament.gov.zm/node/7945", "bytes": 31355, "fetch_n": 75}
{"date": "2026-04-10", "url": "https://www.parliament.gov.zm/sites/default/files/documents/acts/The%20Electoral%20Commission%20ofZambia%20%28Amendment%29%20Act%20No.%205%202019.pdf", "bytes": 22233, "fetch_n": 76}
{"date": "2026-04-10", "url": "https://www.parliament.gov.zm/node/7946", "bytes": 31348, "fetch_n": 77}
{"date": "2026-04-10", "url": "https://www.parliament.gov.zm/sites/default/files/documents/acts/The%20Zambia%20Law%20Development%20Commission%20Act%20No.%204%20of%202019.pdf", "bytes": 22586, "fetch_n": 78}
{"date": "2026-04-10", "url": "https://www.parliament.gov.zm/node/7948", "bytes": 32097, "fetch_n": 79}
{"date": "2026-04-10", "url": "https://www.parliament.gov.zm/sites/default/files/documents/acts/The%20Employment%20Code%20Act%20No.%203%20of%202019.pdf", "bytes": 301193, "fetch_n": 80}
{"date": "2026-04-10", "url": "https://www.parliament.gov.zm/node/7947", "bytes": 31836, "fetch_n": 81}
{"date": "2026-04-10", "url": "https://www.parliament.gov.zm/sites/default/files/documents/acts/The%20Local%20Government%20Act%20No.%202%20of%20%202019.pdf", "bytes": 213519, "fetch_n": 82}
